<?xml version="1.0" encoding="UTF-8"?>
<!-- Generated by org.testng.reporters.JUnitXMLReporter -->
<testsuite hostname="Waqass-MacBook-Pro.local" ignored="9" name="Login Functionality" tests="1" failures="0" timestamp="2020-11-16T19:52:10 EST" time="0.037" errors="0">
  <testcase name="cthirdMethod" time="0.006" classname="testNGPackage.Day02_Priority"/>
  <testcase name="afifthMethod" time="0.0" classname="testNGPackage.Day02_Priority">
    <ignored/>
  </testcase> <!-- afifthMethod -->
  <testcase name="testMethodOne" time="0.0" classname="testNGPackage.Day01_TestNG">
    <ignored/>
  </testcase> <!-- testMethodOne -->
  <testcase name="validLogin" time="0.0" classname="testNGPackage.Day01_TestNGLogin">
    <ignored/>
  </testcase> <!-- validLogin -->
  <testcase name="bforthMethod" time="0.0" classname="testNGPackage.Day02_Priority">
    <ignored/>
  </testcase> <!-- bforthMethod -->
  <testcase name="verifyTitle" time="0.0" classname="testNGPackage.Day01_TestNGLogin">
    <ignored/>
  </testcase> <!-- verifyTitle -->
  <testcase name="dsecondMethod" time="0.0" classname="testNGPackage.Day02_Priority">
    <ignored/>
  </testcase> <!-- dsecondMethod -->
  <testcase name="efirstMethod" time="0.0" classname="testNGPackage.Day02_Priority">
    <ignored/>
  </testcase> <!-- efirstMethod -->
  <testcase name="testMethodTwo" time="0.0" classname="testNGPackage.Day01_TestNG">
    <ignored/>
  </testcase> <!-- testMethodTwo -->
  <testcase name="invalidLogin" time="0.0" classname="testNGPackage.Day01_TestNGLogin">
    <ignored/>
  </testcase> <!-- invalidLogin -->
</testsuite> <!-- Login Functionality -->
